{"/Users/robsonneres/Documents/Estudos/Teste Mercado Livre/mercadolivre/src/components/atoms/breadcrump/index.jsx": {"path":"/Users/robsonneres/Documents/Estudos/Teste Mercado Livre/mercadolivre/src/components/atoms/breadcrump/index.jsx","statementMap":{"0":{"start":{"line":3,"column":24},"end":{"line":3,"column":35}},"1":{"start":{"line":1,"column":19},"end":{"line":1,"column":null}},"2":{"start":{"line":6,"column":37},"end":{"line":6,"column":69}}},"fnMap":{"0":{"name":"(anonymous_0)","decl":{"start":{"line":3,"column":24},"end":{"line":3,"column":35}},"loc":{"start":{"line":3,"column":24},"end":{"line":3,"column":35}}},"1":{"name":"(anonymous_3)","decl":{"start":{"line":6,"column":19},"end":{"line":6,"column":20}},"loc":{"start":{"line":6,"column":37},"end":{"line":6,"column":69}}}},"branchMap":{"0":{"loc":{"start":{"line":3,"column":37},"end":{"line":3,"column":48}},"type":"default-arg","locations":[{"start":{"line":3,"column":46},"end":{"line":3,"column":48}}]},"1":{"loc":{"start":{"line":6,"column":37},"end":{"line":6,"column":69}},"type":"cond-expr","locations":[{"start":{"line":6,"column":50},"end":{"line":6,"column":57}},{"start":{"line":6,"column":57},"end":{"line":6,"column":69}}]}},"s":{"0":2,"1":1,"2":3},"f":{"0":4,"1":3},"b":{"0":[1],"1":[1,2]}}
,"/Users/robsonneres/Documents/Estudos/Teste Mercado Livre/mercadolivre/src/components/atoms/button/index.jsx": {"path":"/Users/robsonneres/Documents/Estudos/Teste Mercado Livre/mercadolivre/src/components/atoms/button/index.jsx","statementMap":{"0":{"start":{"line":3,"column":24},"end":{"line":3,"column":31}},"1":{"start":{"line":1,"column":19},"end":{"line":1,"column":null}}},"fnMap":{"0":{"name":"(anonymous_0)","decl":{"start":{"line":3,"column":24},"end":{"line":3,"column":31}},"loc":{"start":{"line":3,"column":24},"end":{"line":3,"column":31}}}},"branchMap":{},"s":{"0":3,"1":2},"f":{"0":6},"b":{}}
,"/Users/robsonneres/Documents/Estudos/Teste Mercado Livre/mercadolivre/src/components/atoms/loading/index.jsx": {"path":"/Users/robsonneres/Documents/Estudos/Teste Mercado Livre/mercadolivre/src/components/atoms/loading/index.jsx","statementMap":{"0":{"start":{"line":3,"column":13},"end":{"line":3,"column":23}},"1":{"start":{"line":1,"column":19},"end":{"line":1,"column":null}}},"fnMap":{"0":{"name":"(anonymous_0)","decl":{"start":{"line":3,"column":13},"end":{"line":3,"column":23}},"loc":{"start":{"line":3,"column":13},"end":{"line":3,"column":23}}}},"branchMap":{},"s":{"0":1,"1":1},"f":{"0":1},"b":{}}
,"/Users/robsonneres/Documents/Estudos/Teste Mercado Livre/mercadolivre/src/components/atoms/logo/index.jsx": {"path":"/Users/robsonneres/Documents/Estudos/Teste Mercado Livre/mercadolivre/src/components/atoms/logo/index.jsx","statementMap":{"0":{"start":{"line":6,"column":24},"end":{"line":6,"column":31}},"1":{"start":{"line":1,"column":18},"end":{"line":1,"column":null}},"2":{"start":{"line":2,"column":17},"end":{"line":2,"column":null}},"3":{"start":{"line":4,"column":18},"end":{"line":4,"column":null}}},"fnMap":{"0":{"name":"(anonymous_0)","decl":{"start":{"line":6,"column":24},"end":{"line":6,"column":31}},"loc":{"start":{"line":6,"column":24},"end":{"line":6,"column":31}}}},"branchMap":{},"s":{"0":1,"1":2,"2":2,"3":2},"f":{"0":2},"b":{}}
,"/Users/robsonneres/Documents/Estudos/Teste Mercado Livre/mercadolivre/src/components/atoms/searchbar/index.jsx": {"path":"/Users/robsonneres/Documents/Estudos/Teste Mercado Livre/mercadolivre/src/components/atoms/searchbar/index.jsx","statementMap":{"0":{"start":{"line":6,"column":24},"end":{"line":6,"column":34}},"1":{"start":{"line":1,"column":25},"end":{"line":1,"column":null}},"2":{"start":{"line":2,"column":25},"end":{"line":2,"column":null}},"3":{"start":{"line":3,"column":22},"end":{"line":3,"column":null}},"4":{"start":{"line":4,"column":19},"end":{"line":4,"column":null}},"5":{"start":{"line":7,"column":30},"end":{"line":7,"column":null}},"6":{"start":{"line":17,"column":27},"end":{"line":17,"column":null}},"7":{"start":{"line":27,"column":0},"end":{"line":32,"column":null}}},"fnMap":{"0":{"name":"(anonymous_0)","decl":{"start":{"line":6,"column":24},"end":{"line":6,"column":34}},"loc":{"start":{"line":6,"column":24},"end":{"line":6,"column":34}}},"1":{"name":"(anonymous_3)","decl":{"start":{"line":17,"column":20},"end":{"line":17,"column":21}},"loc":{"start":{"line":17,"column":27},"end":{"line":17,"column":null}}}},"branchMap":{},"s":{"0":1,"1":2,"2":2,"3":2,"4":2,"5":1,"6":1,"7":2},"f":{"0":2,"1":1},"b":{}}
,"/Users/robsonneres/Documents/Estudos/Teste Mercado Livre/mercadolivre/src/components/hooks/context.js": {"path":"/Users/robsonneres/Documents/Estudos/Teste Mercado Livre/mercadolivre/src/components/hooks/context.js","statementMap":{"0":{"start":{"line":4,"column":13},"end":{"line":4,"column":23}},"1":{"start":{"line":6,"column":24},"end":{"line":6,"column":32}},"2":{"start":{"line":1,"column":40},"end":{"line":1,"column":null}},"3":{"start":{"line":2,"column":18},"end":{"line":2,"column":null}},"4":{"start":{"line":4,"column":26},"end":{"line":4,"column":null}},"5":{"start":{"line":7,"column":38},"end":{"line":7,"column":null}},"6":{"start":{"line":8,"column":34},"end":{"line":8,"column":null}},"7":{"start":{"line":9,"column":28},"end":{"line":9,"column":null}},"8":{"start":{"line":10,"column":32},"end":{"line":10,"column":null}},"9":{"start":{"line":12,"column":22},"end":{"line":27,"column":null}},"10":{"start":{"line":13,"column":4},"end":{"line":13,"column":null}},"11":{"start":{"line":14,"column":4},"end":{"line":26,"column":null}},"12":{"start":{"line":15,"column":6},"end":{"line":25,"column":null}},"13":{"start":{"line":18,"column":10},"end":{"line":18,"column":null}},"14":{"start":{"line":19,"column":10},"end":{"line":19,"column":null}},"15":{"start":{"line":20,"column":10},"end":{"line":20,"column":null}},"16":{"start":{"line":23,"column":10},"end":{"line":23,"column":null}},"17":{"start":{"line":24,"column":10},"end":{"line":24,"column":null}},"18":{"start":{"line":29,"column":28},"end":{"line":43,"column":null}},"19":{"start":{"line":30,"column":4},"end":{"line":30,"column":null}},"20":{"start":{"line":31,"column":4},"end":{"line":42,"column":null}},"21":{"start":{"line":32,"column":6},"end":{"line":41,"column":null}},"22":{"start":{"line":35,"column":10},"end":{"line":35,"column":null}},"23":{"start":{"line":36,"column":10},"end":{"line":36,"column":null}},"24":{"start":{"line":39,"column":10},"end":{"line":39,"column":null}},"25":{"start":{"line":40,"column":10},"end":{"line":40,"column":null}}},"fnMap":{"0":{"name":"(anonymous_1)","decl":{"start":{"line":4,"column":23},"end":{"line":4,"column":26}},"loc":{"start":{"line":4,"column":13},"end":{"line":4,"column":23}}},"1":{"name":"(anonymous_2)","decl":{"start":{"line":63,"column":1},"end":{"line":63,"column":null}},"loc":{"start":{"line":6,"column":24},"end":{"line":6,"column":32}}},"2":{"name":"Context","decl":{"start":{"line":6,"column":24},"end":{"line":6,"column":32}},"loc":{"start":{"line":6,"column":46},"end":{"line":63,"column":1}}},"3":{"name":"(anonymous_5)","decl":{"start":{"line":12,"column":22},"end":{"line":12,"column":23}},"loc":{"start":{"line":12,"column":33},"end":{"line":27,"column":null}}},"4":{"name":"(anonymous_6)","decl":{"start":{"line":14,"column":23},"end":{"line":14,"column":24}},"loc":{"start":{"line":14,"column":44},"end":{"line":26,"column":null}}},"5":{"name":"(anonymous_7)","decl":{"start":{"line":17,"column":14},"end":{"line":17,"column":15}},"loc":{"start":{"line":17,"column":24},"end":{"line":21,"column":null}}},"6":{"name":"(anonymous_8)","decl":{"start":{"line":22,"column":15},"end":{"line":22,"column":16}},"loc":{"start":{"line":22,"column":24},"end":{"line":25,"column":null}}},"7":{"name":"(anonymous_9)","decl":{"start":{"line":29,"column":28},"end":{"line":29,"column":29}},"loc":{"start":{"line":29,"column":36},"end":{"line":43,"column":null}}},"8":{"name":"(anonymous_10)","decl":{"start":{"line":31,"column":23},"end":{"line":31,"column":24}},"loc":{"start":{"line":31,"column":44},"end":{"line":42,"column":null}}},"9":{"name":"(anonymous_11)","decl":{"start":{"line":34,"column":14},"end":{"line":34,"column":15}},"loc":{"start":{"line":34,"column":24},"end":{"line":37,"column":null}}},"10":{"name":"(anonymous_12)","decl":{"start":{"line":38,"column":15},"end":{"line":38,"column":16}},"loc":{"start":{"line":38,"column":24},"end":{"line":41,"column":null}}}},"branchMap":{},"s":{"0":4,"1":1,"2":2,"3":2,"4":2,"5":1,"6":1,"7":1,"8":1,"9":1,"10":0,"11":0,"12":0,"13":0,"14":0,"15":0,"16":0,"17":0,"18":1,"19":0,"20":0,"21":0,"22":0,"23":0,"24":0,"25":0},"f":{"0":4,"1":1,"2":1,"3":0,"4":0,"5":0,"6":0,"7":0,"8":0,"9":0,"10":0},"b":{}}
,"/Users/robsonneres/Documents/Estudos/Teste Mercado Livre/mercadolivre/src/components/molecules/header/index.jsx": {"path":"/Users/robsonneres/Documents/Estudos/Teste Mercado Livre/mercadolivre/src/components/molecules/header/index.jsx","statementMap":{"0":{"start":{"line":10,"column":24},"end":{"line":10,"column":33}},"1":{"start":{"line":1,"column":26},"end":{"line":1,"column":null}},"2":{"start":{"line":3,"column":22},"end":{"line":3,"column":null}},"3":{"start":{"line":4,"column":17},"end":{"line":4,"column":null}},"4":{"start":{"line":6,"column":19},"end":{"line":6,"column":null}},"5":{"start":{"line":7,"column":48},"end":{"line":7,"column":null}},"6":{"start":{"line":8,"column":27},"end":{"line":8,"column":null}},"7":{"start":{"line":11,"column":30},"end":{"line":11,"column":null}},"8":{"start":{"line":12,"column":17},"end":{"line":12,"column":null}},"9":{"start":{"line":13,"column":53},"end":{"line":13,"column":null}},"10":{"start":{"line":15,"column":2},"end":{"line":17,"column":null}},"11":{"start":{"line":16,"column":4},"end":{"line":16,"column":null}},"12":{"start":{"line":19,"column":2},"end":{"line":26,"column":null}},"13":{"start":{"line":20,"column":4},"end":{"line":25,"column":5}},"14":{"start":{"line":21,"column":6},"end":{"line":21,"column":null}},"15":{"start":{"line":22,"column":6},"end":{"line":22,"column":null}},"16":{"start":{"line":24,"column":6},"end":{"line":24,"column":null}},"17":{"start":{"line":28,"column":24},"end":{"line":31,"column":null}},"18":{"start":{"line":29,"column":4},"end":{"line":29,"column":null}},"19":{"start":{"line":30,"column":4},"end":{"line":30,"column":null}}},"fnMap":{"0":{"name":"(anonymous_0)","decl":{"start":{"line":10,"column":24},"end":{"line":10,"column":33}},"loc":{"start":{"line":10,"column":24},"end":{"line":10,"column":33}}},"1":{"name":"(anonymous_3)","decl":{"start":{"line":15,"column":12},"end":{"line":15,"column":18}},"loc":{"start":{"line":15,"column":18},"end":{"line":17,"column":5}}},"2":{"name":"(anonymous_4)","decl":{"start":{"line":19,"column":12},"end":{"line":19,"column":18}},"loc":{"start":{"line":19,"column":18},"end":{"line":26,"column":5}}},"3":{"name":"(anonymous_5)","decl":{"start":{"line":28,"column":24},"end":{"line":28,"column":25}},"loc":{"start":{"line":28,"column":35},"end":{"line":31,"column":null}}}},"branchMap":{"0":{"loc":{"start":{"line":20,"column":4},"end":{"line":25,"column":5}},"type":"if","locations":[{"start":{"line":20,"column":4},"end":{"line":25,"column":5}},{"start":{"line":23,"column":11},"end":{"line":25,"column":5}}]}},"s":{"0":3,"1":1,"2":1,"3":1,"4":1,"5":1,"6":1,"7":5,"8":4,"9":4,"10":0,"11":0,"12":0,"13":0,"14":0,"15":0,"16":0,"17":0,"18":0,"19":0},"f":{"0":8,"1":0,"2":0,"3":0},"b":{"0":[0,0]}}
,"/Users/robsonneres/Documents/Estudos/Teste Mercado Livre/mercadolivre/src/components/molecules/product/index.jsx": {"path":"/Users/robsonneres/Documents/Estudos/Teste Mercado Livre/mercadolivre/src/components/molecules/product/index.jsx","statementMap":{"0":{"start":{"line":4,"column":24},"end":{"line":4,"column":32}},"1":{"start":{"line":1,"column":18},"end":{"line":1,"column":null}},"2":{"start":{"line":2,"column":19},"end":{"line":2,"column":null}},"3":{"start":{"line":5,"column":2},"end":{"line":9,"column":null}},"4":{"start":{"line":8,"column":21},"end":{"line":8,"column":null}}},"fnMap":{"0":{"name":"(anonymous_0)","decl":{"start":{"line":4,"column":24},"end":{"line":4,"column":32}},"loc":{"start":{"line":4,"column":24},"end":{"line":4,"column":32}}},"1":{"name":"(anonymous_3)","decl":{"start":{"line":8,"column":15},"end":{"line":8,"column":21}},"loc":{"start":{"line":8,"column":21},"end":{"line":8,"column":null}}}},"branchMap":{"0":{"loc":{"start":{"line":13,"column":9},"end":{"line":13,"column":null}},"type":"binary-expr","locations":[{"start":{"line":13,"column":9},"end":{"line":13,"column":null}}]}},"s":{"0":5,"1":2,"2":2,"3":5,"4":1},"f":{"0":10,"1":1},"b":{"0":[5]}}
,"/Users/robsonneres/Documents/Estudos/Teste Mercado Livre/mercadolivre/src/components/organisms/info/index.jsx": {"path":"/Users/robsonneres/Documents/Estudos/Teste Mercado Livre/mercadolivre/src/components/organisms/info/index.jsx","statementMap":{"0":{"start":{"line":6,"column":24},"end":{"line":6,"column":29}},"1":{"start":{"line":1,"column":18},"end":{"line":1,"column":null}},"2":{"start":{"line":3,"column":19},"end":{"line":3,"column":null}},"3":{"start":{"line":4,"column":19},"end":{"line":4,"column":null}}},"fnMap":{"0":{"name":"(anonymous_0)","decl":{"start":{"line":6,"column":24},"end":{"line":6,"column":29}},"loc":{"start":{"line":6,"column":24},"end":{"line":6,"column":29}}}},"branchMap":{"0":{"loc":{"start":{"line":11,"column":11},"end":{"line":11,"column":null}},"type":"binary-expr","locations":[{"start":{"line":11,"column":11},"end":{"line":11,"column":null}}]}},"s":{"0":1,"1":1,"2":1,"3":1},"f":{"0":2},"b":{"0":[1]}}
,"/Users/robsonneres/Documents/Estudos/Teste Mercado Livre/mercadolivre/src/components/organisms/products/index.jsx": {"path":"/Users/robsonneres/Documents/Estudos/Teste Mercado Livre/mercadolivre/src/components/organisms/products/index.jsx","statementMap":{"0":{"start":{"line":6,"column":24},"end":{"line":6,"column":33}},"1":{"start":{"line":1,"column":26},"end":{"line":1,"column":null}},"2":{"start":{"line":3,"column":20},"end":{"line":3,"column":null}},"3":{"start":{"line":4,"column":19},"end":{"line":4,"column":null}},"4":{"start":{"line":7,"column":17},"end":{"line":7,"column":null}},"5":{"start":{"line":9,"column":23},"end":{"line":11,"column":null}},"6":{"start":{"line":10,"column":4},"end":{"line":10,"column":null}},"7":{"start":{"line":17,"column":10},"end":{"line":17,"column":40}}},"fnMap":{"0":{"name":"(anonymous_0)","decl":{"start":{"line":6,"column":24},"end":{"line":6,"column":33}},"loc":{"start":{"line":6,"column":24},"end":{"line":6,"column":33}}},"1":{"name":"(anonymous_3)","decl":{"start":{"line":9,"column":23},"end":{"line":9,"column":24}},"loc":{"start":{"line":9,"column":31},"end":{"line":11,"column":null}}},"2":{"name":"(anonymous_4)","decl":{"start":{"line":16,"column":35},"end":{"line":16,"column":36}},"loc":{"start":{"line":16,"column":45},"end":{"line":18,"column":null}}}},"branchMap":{},"s":{"0":1,"1":1,"2":1,"3":1,"4":1,"5":1,"6":0,"7":4},"f":{"0":2,"1":0,"2":4},"b":{}}
,"/Users/robsonneres/Documents/Estudos/Teste Mercado Livre/mercadolivre/src/components/template/home/index.jsx": {"path":"/Users/robsonneres/Documents/Estudos/Teste Mercado Livre/mercadolivre/src/components/template/home/index.jsx","statementMap":{"0":{"start":{"line":5,"column":24},"end":{"line":5,"column":31}},"1":{"start":{"line":1,"column":19},"end":{"line":1,"column":null}},"2":{"start":{"line":3,"column":19},"end":{"line":3,"column":null}}},"fnMap":{"0":{"name":"(anonymous_0)","decl":{"start":{"line":5,"column":24},"end":{"line":5,"column":31}},"loc":{"start":{"line":5,"column":24},"end":{"line":5,"column":31}}}},"branchMap":{},"s":{"0":1,"1":1,"2":1},"f":{"0":4},"b":{}}
}
