TN:
SF:src/components/molecules/header/index.jsx
FN:10,(anonymous_0)
FN:15,(anonymous_3)
FN:19,(anonymous_4)
FN:28,(anonymous_5)
FNF:4
FNH:3
FNDA:6,(anonymous_0)
FNDA:3,(anonymous_3)
FNDA:3,(anonymous_4)
FNDA:0,(anonymous_5)
DA:1,3
DA:3,3
DA:4,3
DA:6,3
DA:7,3
DA:8,3
DA:10,3
DA:11,3
DA:12,3
DA:13,3
DA:15,3
DA:16,3
DA:19,3
DA:20,3
DA:21,0
DA:22,0
DA:24,3
DA:28,3
DA:29,0
DA:30,0
LF:20
LH:16
BRDA:20,0,0,0
BRDA:20,0,1,3
BRF:2
BRH:1
end_of_record
TN:
SF:src/components/organisms/products/index.jsx
FN:6,(anonymous_0)
FN:9,(anonymous_3)
FN:16,(anonymous_4)
FNF:3
FNH:2
FNDA:4,(anonymous_0)
FNDA:0,(anonymous_3)
FNDA:4,(anonymous_4)
DA:1,2
DA:3,2
DA:4,2
DA:6,2
DA:7,2
DA:9,2
DA:10,0
DA:17,4
LF:8
LH:7
BRF:0
BRH:0
end_of_record
TN:
SF:src/components/template/details/index.jsx
FN:12,(anonymous_0)
FN:17,(anonymous_3)
FN:19,(anonymous_4)
FNF:3
FNH:2
FNDA:2,(anonymous_0)
FNDA:1,(anonymous_3)
FNDA:0,(anonymous_4)
DA:1,1
DA:2,1
DA:3,1
DA:4,1
DA:6,1
DA:7,1
DA:9,1
DA:10,1
DA:12,1
DA:13,1
DA:14,1
DA:15,1
DA:17,1
DA:18,1
DA:19,0
DA:20,0
LF:16
LH:14
BRDA:18,0,0,0
BRDA:29,1,0,0
BRDA:29,1,1,1
BRF:3
BRH:1
end_of_record
TN:
SF:src/components/template/found/index.jsx
FN:12,(anonymous_0)
FN:23,(anonymous_3)
FN:27,(anonymous_4)
FNF:3
FNH:3
FNDA:2,(anonymous_0)
FNDA:1,(anonymous_3)
FNDA:1,(anonymous_4)
DA:1,1
DA:2,1
DA:4,1
DA:5,1
DA:6,1
DA:7,1
DA:9,1
DA:10,1
DA:12,1
DA:21,1
DA:23,1
DA:24,1
DA:25,1
DA:26,1
DA:27,1
DA:28,1
DA:29,1
LF:17
LH:17
BRDA:24,0,0,1
BRDA:38,1,0,0
BRDA:38,1,1,1
BRF:3
BRH:2
end_of_record
TN:
SF:src/components/template/home/index.jsx
FN:5,(anonymous_0)
FNF:1
FNH:1
FNDA:2,(anonymous_0)
DA:1,1
DA:3,1
DA:5,1
LF:3
LH:3
BRF:0
BRH:0
end_of_record
