TN:
SF:src/components/atoms/breadcrump/index.jsx
FN:3,(anonymous_0)
FN:6,(anonymous_3)
FNF:2
FNH:2
FNDA:4,(anonymous_0)
FNDA:3,(anonymous_3)
DA:1,1
DA:3,2
DA:6,3
LF:3
LH:3
BRDA:3,0,0,1
BRDA:6,1,0,1
BRDA:6,1,1,2
BRF:3
BRH:3
end_of_record
TN:
SF:src/components/atoms/button/index.jsx
FN:3,(anonymous_0)
FNF:1
FNH:1
FNDA:6,(anonymous_0)
DA:1,2
DA:3,3
LF:2
LH:2
BRF:0
BRH:0
end_of_record
TN:
SF:src/components/atoms/loading/index.jsx
FN:3,(anonymous_0)
FNF:1
FNH:1
FNDA:1,(anonymous_0)
DA:1,1
DA:3,1
LF:2
LH:2
BRF:0
BRH:0
end_of_record
TN:
SF:src/components/atoms/logo/index.jsx
FN:6,(anonymous_0)
FNF:1
FNH:1
FNDA:2,(anonymous_0)
DA:1,2
DA:2,2
DA:4,2
DA:6,1
LF:4
LH:4
BRF:0
BRH:0
end_of_record
TN:
SF:src/components/atoms/searchbar/index.jsx
FN:6,(anonymous_0)
FN:17,(anonymous_3)
FNF:2
FNH:2
FNDA:2,(anonymous_0)
FNDA:1,(anonymous_3)
DA:1,2
DA:2,2
DA:3,2
DA:4,2
DA:6,1
DA:7,1
DA:17,1
DA:27,2
LF:8
LH:8
BRF:0
BRH:0
end_of_record
TN:
SF:src/components/hooks/context.js
FN:4,(anonymous_1)
FN:63,(anonymous_2)
FN:6,Context
FN:12,(anonymous_5)
FN:14,(anonymous_6)
FN:17,(anonymous_7)
FN:22,(anonymous_8)
FN:29,(anonymous_9)
FN:31,(anonymous_10)
FN:34,(anonymous_11)
FN:38,(anonymous_12)
FNF:11
FNH:3
FNDA:4,(anonymous_1)
FNDA:1,(anonymous_2)
FNDA:1,Context
FNDA:0,(anonymous_5)
FNDA:0,(anonymous_6)
FNDA:0,(anonymous_7)
FNDA:0,(anonymous_8)
FNDA:0,(anonymous_9)
FNDA:0,(anonymous_10)
FNDA:0,(anonymous_11)
FNDA:0,(anonymous_12)
DA:1,2
DA:2,2
DA:4,4
DA:6,1
DA:7,1
DA:8,1
DA:9,1
DA:10,1
DA:12,1
DA:13,0
DA:14,0
DA:15,0
DA:18,0
DA:19,0
DA:20,0
DA:23,0
DA:24,0
DA:29,1
DA:30,0
DA:31,0
DA:32,0
DA:35,0
DA:36,0
DA:39,0
DA:40,0
LF:25
LH:10
BRF:0
BRH:0
end_of_record
TN:
SF:src/components/molecules/header/index.jsx
FN:10,(anonymous_0)
FN:15,(anonymous_3)
FN:19,(anonymous_4)
FN:28,(anonymous_5)
FNF:4
FNH:1
FNDA:8,(anonymous_0)
FNDA:0,(anonymous_3)
FNDA:0,(anonymous_4)
FNDA:0,(anonymous_5)
DA:1,1
DA:3,1
DA:4,1
DA:6,1
DA:7,1
DA:8,1
DA:10,3
DA:11,5
DA:12,4
DA:13,4
DA:15,0
DA:16,0
DA:19,0
DA:20,0
DA:21,0
DA:22,0
DA:24,0
DA:28,0
DA:29,0
DA:30,0
LF:20
LH:10
BRDA:20,0,0,0
BRDA:20,0,1,0
BRF:2
BRH:0
end_of_record
TN:
SF:src/components/molecules/product/index.jsx
FN:4,(anonymous_0)
FN:8,(anonymous_3)
FNF:2
FNH:2
FNDA:10,(anonymous_0)
FNDA:1,(anonymous_3)
DA:1,2
DA:2,2
DA:4,5
DA:5,5
DA:8,1
LF:5
LH:5
BRDA:13,0,0,5
BRF:1
BRH:1
end_of_record
TN:
SF:src/components/organisms/info/index.jsx
FN:6,(anonymous_0)
FNF:1
FNH:1
FNDA:2,(anonymous_0)
DA:1,1
DA:3,1
DA:4,1
DA:6,1
LF:4
LH:4
BRDA:11,0,0,1
BRF:1
BRH:1
end_of_record
TN:
SF:src/components/organisms/products/index.jsx
FN:6,(anonymous_0)
FN:9,(anonymous_3)
FN:16,(anonymous_4)
FNF:3
FNH:2
FNDA:2,(anonymous_0)
FNDA:0,(anonymous_3)
FNDA:4,(anonymous_4)
DA:1,1
DA:3,1
DA:4,1
DA:6,1
DA:7,1
DA:9,1
DA:10,0
DA:17,4
LF:8
LH:7
BRF:0
BRH:0
end_of_record
TN:
SF:src/components/template/home/index.jsx
FN:5,(anonymous_0)
FNF:1
FNH:1
FNDA:4,(anonymous_0)
DA:1,1
DA:3,1
DA:5,1
LF:3
LH:3
BRF:0
BRH:0
end_of_record
